[2025-08-25 10:05:57] production.ERROR: Class "Str" not found {"exception":"[object] (Error(code: 0): Class \"Str\" not found at /home/runner/work/Laravel-Base/Laravel-Base/config/database.php:61)
[stacktrace]
#0 /home/runner/work/Laravel-Base/Laravel-Base/vendor/laravel/framework/src/Illuminate/Foundation/Bootstrap/LoadConfiguration.php(97): require()
#1 /home/runner/work/Laravel-Base/Laravel-Base/vendor/laravel/framework/src/Illuminate/Foundation/Bootstrap/LoadConfiguration.php(97): Illuminate\\Foundation\\Bootstrap\\LoadConfiguration->Illuminate\\Foundation\\Bootstrap\\{closure}()
#2 /home/runner/work/Laravel-Base/Laravel-Base/vendor/laravel/framework/src/Illuminate/Foundation/Bootstrap/LoadConfiguration.php(78): Illuminate\\Foundation\\Bootstrap\\LoadConfiguration->loadConfigurationFile()
#3 /home/runner/work/Laravel-Base/Laravel-Base/vendor/laravel/framework/src/Illuminate/Foundation/Bootstrap/LoadConfiguration.php(39): Illuminate\\Foundation\\Bootstrap\\LoadConfiguration->loadConfigurationFiles()
#4 /home/runner/work/Laravel-Base/Laravel-Base/vendor/laravel/framework/src/Illuminate/Foundation/Application.php(342): Illuminate\\Foundation\\Bootstrap\\LoadConfiguration->bootstrap()
#5 /home/runner/work/Laravel-Base/Laravel-Base/vendor/laravel/framework/src/Illuminate/Foundation/Console/Kernel.php(474): Illuminate\\Foundation\\Application->bootstrapWith()
#6 /home/runner/work/Laravel-Base/Laravel-Base/vendor/laravel/framework/src/Illuminate/Foundation/Console/Kernel.php(196): Illuminate\\Foundation\\Console\\Kernel->bootstrap()
#7 /home/runner/work/Laravel-Base/Laravel-Base/vendor/laravel/framework/src/Illuminate/Foundation/Application.php(1235): Illuminate\\Foundation\\Console\\Kernel->handle()
#8 /home/runner/work/Laravel-Base/Laravel-Base/artisan(11): Illuminate\\Foundation\\Application->handleCommand()
#9 {main}
"} 
[2025-08-25 10:13:12] testing.ERROR: Class "Inertia\Middleware" not found {"exception":"[object] (Error(code: 0): Class \"Inertia\\Middleware\" not found at /home/runner/work/Laravel-Base/Laravel-Base/app/Http/Middleware/HandleInertiaRequests.php:8)
[stacktrace]
#0 /home/runner/work/Laravel-Base/Laravel-Base/vendor/composer/ClassLoader.php(576): include()
#1 /home/runner/work/Laravel-Base/Laravel-Base/vendor/composer/ClassLoader.php(427): Composer\\Autoload\\{closure}()
#2 [internal function]: Composer\\Autoload\\ClassLoader->loadClass()
#3 /home/runner/work/Laravel-Base/Laravel-Base/vendor/laravel/framework/src/Illuminate/Routing/SortedMiddleware.php(97): class_implements()
#4 /home/runner/work/Laravel-Base/Laravel-Base/vendor/laravel/framework/src/Illuminate/Routing/SortedMiddleware.php(76): Illuminate\\Routing\\SortedMiddleware->middlewareNames()
#5 /home/runner/work/Laravel-Base/Laravel-Base/vendor/laravel/framework/src/Illuminate/Routing/SortedMiddleware.php(43): Illuminate\\Routing\\SortedMiddleware->priorityMapIndex()
#6 /home/runner/work/Laravel-Base/Laravel-Base/vendor/laravel/framework/src/Illuminate/Routing/SortedMiddleware.php(22): Illuminate\\Routing\\SortedMiddleware->sortMiddleware()
#7 /home/runner/work/Laravel-Base/Laravel-Base/vendor/laravel/framework/src/Illuminate/Routing/Router.php(873): Illuminate\\Routing\\SortedMiddleware->__construct()
#8 /home/runner/work/Laravel-Base/Laravel-Base/vendor/laravel/framework/src/Illuminate/Routing/Router.php(862): Illuminate\\Routing\\Router->sortMiddleware()
#9 /home/runner/work/Laravel-Base/Laravel-Base/vendor/laravel/framework/src/Illuminate/Routing/Router.php(820): Illuminate\\Routing\\Router->resolveMiddleware()
#10 /home/runner/work/Laravel-Base/Laravel-Base/vendor/laravel/framework/src/Illuminate/Routing/Router.php(802): Illuminate\\Routing\\Router->gatherRouteMiddleware()
#11 /home/runner/work/Laravel-Base/Laravel-Base/vendor/laravel/framework/src/Illuminate/Routing/Router.php(786): Illuminate\\Routing\\Router->runRouteWithinStack()
#12 /home/runner/work/Laravel-Base/Laravel-Base/vendor/laravel/framework/src/Illuminate/Routing/Router.php(750): Illuminate\\Routing\\Router->runRoute()
#13 /home/runner/work/Laravel-Base/Laravel-Base/vendor/laravel/framework/src/Illuminate/Routing/Router.php(739): Illuminate\\Routing\\Router->dispatchToRoute()
#14 /home/runner/work/Laravel-Base/Laravel-Base/vendor/laravel/framework/src/Illuminate/Foundation/Http/Kernel.php(201): Illuminate\\Routing\\Router->dispatch()
#15 /home/runner/work/Laravel-Base/Laravel-Base/vendor/laravel/framework/src/Illuminate/Pipeline/Pipeline.php(170): Illuminate\\Foundation\\Http\\Kernel->Illuminate\\Foundation\\Http\\{closure}()
#16 /home/runner/work/Laravel-Base/Laravel-Base/vendor/laravel/framework/src/Illuminate/Foundation/Http/Middleware/TransformsRequest.php(21): Illuminate\\Pipeline\\Pipeline->Illuminate\\Pipeline\\{closure}()
#17 /home/runner/work/Laravel-Base/Laravel-Base/vendor/laravel/framework/src/Illuminate/Foundation/Http/Middleware/ConvertEmptyStringsToNull.php(31): Illuminate\\Foundation\\Http\\Middleware\\TransformsRequest->handle()
#18 /home/runner/work/Laravel-Base/Laravel-Base/vendor/laravel/framework/src/Illuminate/Pipeline/Pipeline.php(209): Illuminate\\Foundation\\Http\\Middleware\\ConvertEmptyStringsToNull->handle()
#19 /home/runner/work/Laravel-Base/Laravel-Base/vendor/laravel/framework/src/Illuminate/Foundation/Http/Middleware/TransformsRequest.php(21): Illuminate\\Pipeline\\Pipeline->Illuminate\\Pipeline\\{closure}()
#20 /home/runner/work/Laravel-Base/Laravel-Base/vendor/laravel/framework/src/Illuminate/Foundation/Http/Middleware/TrimStrings.php(51): Illuminate\\Foundation\\Http\\Middleware\\TransformsRequest->handle()
#21 /home/runner/work/Laravel-Base/Laravel-Base/vendor/laravel/framework/src/Illuminate/Pipeline/Pipeline.php(209): Illuminate\\Foundation\\Http\\Middleware\\TrimStrings->handle()
#22 /home/runner/work/Laravel-Base/Laravel-Base/vendor/laravel/framework/src/Illuminate/Http/Middleware/ValidatePostSize.php(27): Illuminate\\Pipeline\\Pipeline->Illuminate\\Pipeline\\{closure}()
#23 /home/runner/work/Laravel-Base/Laravel-Base/vendor/laravel/framework/src/Illuminate/Pipeline/Pipeline.php(209): Illuminate\\Http\\Middleware\\ValidatePostSize->handle()
#24 /home/runner/work/Laravel-Base/Laravel-Base/vendor/laravel/framework/src/Illuminate/Foundation/Http/Middleware/PreventRequestsDuringMaintenance.php(110): Illuminate\\Pipeline\\Pipeline->Illuminate\\Pipeline\\{closure}()
#25 /home/runner/work/Laravel-Base/Laravel-Base/vendor/laravel/framework/src/Illuminate/Pipeline/Pipeline.php(209): Illuminate\\Foundation\\Http\\Middleware\\PreventRequestsDuringMaintenance->handle()
#26 /home/runner/work/Laravel-Base/Laravel-Base/vendor/laravel/framework/src/Illuminate/Http/Middleware/HandleCors.php(49): Illuminate\\Pipeline\\Pipeline->Illuminate\\Pipeline\\{closure}()
#27 /home/runner/work/Laravel-Base/Laravel-Base/vendor/laravel/framework/src/Illuminate/Pipeline/Pipeline.php(209): Illuminate\\Http\\Middleware\\HandleCors->handle()
#28 /home/runner/work/Laravel-Base/Laravel-Base/vendor/laravel/framework/src/Illuminate/Http/Middleware/TrustProxies.php(58): Illuminate\\Pipeline\\Pipeline->Illuminate\\Pipeline\\{closure}()
#29 /home/runner/work/Laravel-Base/Laravel-Base/vendor/laravel/framework/src/Illuminate/Pipeline/Pipeline.php(209): Illuminate\\Http\\Middleware\\TrustProxies->handle()
#30 /home/runner/work/Laravel-Base/Laravel-Base/vendor/laravel/framework/src/Illuminate/Foundation/Http/Middleware/InvokeDeferredCallbacks.php(22): Illuminate\\Pipeline\\Pipeline->Illuminate\\Pipeline\\{closure}()
#31 /home/runner/work/Laravel-Base/Laravel-Base/vendor/laravel/framework/src/Illuminate/Pipeline/Pipeline.php(209): Illuminate\\Foundation\\Http\\Middleware\\InvokeDeferredCallbacks->handle()
#32 /home/runner/work/Laravel-Base/Laravel-Base/vendor/laravel/framework/src/Illuminate/Pipeline/Pipeline.php(127): Illuminate\\Pipeline\\Pipeline->Illuminate\\Pipeline\\{closure}()
#33 /home/runner/work/Laravel-Base/Laravel-Base/vendor/laravel/framework/src/Illuminate/Foundation/Http/Kernel.php(176): Illuminate\\Pipeline\\Pipeline->then()
#34 /home/runner/work/Laravel-Base/Laravel-Base/vendor/laravel/framework/src/Illuminate/Foundation/Http/Kernel.php(145): Illuminate\\Foundation\\Http\\Kernel->sendRequestThroughRouter()
#35 /home/runner/work/Laravel-Base/Laravel-Base/vendor/laravel/framework/src/Illuminate/Foundation/Testing/Concerns/MakesHttpRequests.php(607): Illuminate\\Foundation\\Http\\Kernel->handle()
#36 /home/runner/work/Laravel-Base/Laravel-Base/vendor/laravel/framework/src/Illuminate/Foundation/Testing/Concerns/MakesHttpRequests.php(368): Illuminate\\Foundation\\Testing\\TestCase->call()
#37 /home/runner/work/Laravel-Base/Laravel-Base/tests/Feature/LaravelBaseTest.php(33): Illuminate\\Foundation\\Testing\\TestCase->get()
#38 /home/runner/work/Laravel-Base/Laravel-Base/vendor/pestphp/pest/src/Factories/TestCaseMethodFactory.php(110): P\\Tests\\Feature\\LaravelBaseTest->{closure}()
#39 [internal function]: P\\Tests\\Feature\\LaravelBaseTest->Pest\\Factories\\{closure}()
#40 /home/runner/work/Laravel-Base/Laravel-Base/vendor/pestphp/pest/src/Concerns/Testable.php(339): call_user_func_array()
#41 /home/runner/work/Laravel-Base/Laravel-Base/vendor/pestphp/pest/src/Support/ExceptionTrace.php(26): P\\Tests\\Feature\\LaravelBaseTest->Pest\\Concerns\\{closure}()
#42 /home/runner/work/Laravel-Base/Laravel-Base/vendor/pestphp/pest/src/Concerns/Testable.php(339): Pest\\Support\\ExceptionTrace::ensure()
#43 /home/runner/work/Laravel-Base/Laravel-Base/vendor/pestphp/pest/src/Concerns/Testable.php(256): P\\Tests\\Feature\\LaravelBaseTest->__callClosure()
#44 /home/runner/work/Laravel-Base/Laravel-Base/vendor/pestphp/pest/src/Factories/TestCaseFactory.php(197) : eval()'d code(86): P\\Tests\\Feature\\LaravelBaseTest->__runTest()
#45 /home/runner/work/Laravel-Base/Laravel-Base/vendor/phpunit/phpunit/src/Framework/TestCase.php(1188): P\\Tests\\Feature\\LaravelBaseTest->__pest_evaluable_welcome_page_returns_successfully()
#46 /home/runner/work/Laravel-Base/Laravel-Base/vendor/phpunit/phpunit/src/Framework/TestCase.php(687): PHPUnit\\Framework\\TestCase->runTest()
#47 /home/runner/work/Laravel-Base/Laravel-Base/vendor/phpunit/phpunit/src/Framework/TestRunner.php(106): PHPUnit\\Framework\\TestCase->runBare()
#48 /home/runner/work/Laravel-Base/Laravel-Base/vendor/phpunit/phpunit/src/Framework/TestCase.php(517): PHPUnit\\Framework\\TestRunner->run()
#49 /home/runner/work/Laravel-Base/Laravel-Base/vendor/phpunit/phpunit/src/Framework/TestSuite.php(380): PHPUnit\\Framework\\TestCase->run()
#50 /home/runner/work/Laravel-Base/Laravel-Base/vendor/phpunit/phpunit/src/Framework/TestSuite.php(380): PHPUnit\\Framework\\TestSuite->run()
#51 /home/runner/work/Laravel-Base/Laravel-Base/vendor/phpunit/phpunit/src/Framework/TestSuite.php(380): PHPUnit\\Framework\\TestSuite->run()
#52 /home/runner/work/Laravel-Base/Laravel-Base/vendor/phpunit/phpunit/src/TextUI/TestRunner.php(64): PHPUnit\\Framework\\TestSuite->run()
#53 /home/runner/work/Laravel-Base/Laravel-Base/vendor/phpunit/phpunit/src/TextUI/Application.php(202): PHPUnit\\TextUI\\TestRunner->run()
#54 /home/runner/work/Laravel-Base/Laravel-Base/vendor/pestphp/pest/src/Kernel.php(103): PHPUnit\\TextUI\\Application->run()
#55 /home/runner/work/Laravel-Base/Laravel-Base/vendor/pestphp/pest/bin/pest(91): Pest\\Kernel->handle()
#56 /home/runner/work/Laravel-Base/Laravel-Base/vendor/pestphp/pest/bin/pest(99): {closure}()
#57 {main}
"} 
